Copyright 1986-2022 Xilinx, Inc. All Rights Reserved. Copyright 2022-2024 Advanced Micro Devices, Inc. All Rights Reserved.
---------------------------------------------------------------------------------------------------------------------------------------------
| Tool Version : Vivado v.2024.1 (lin64) Build 5076996 Wed May 22 18:36:09 MDT 2024
| Date         : Sat Dec  7 12:46:54 2024
| Host         : eecs-digital-19 running 64-bit Ubuntu 24.04.1 LTS
| Command      : report_timing -file obj/post_route_timing.rpt
| Design       : top_level
| Device       : 7s50-csga324
| Speed File   : -1  PRODUCTION 1.23 2018-06-13
| Design State : Routed
---------------------------------------------------------------------------------------------------------------------------------------------

Timing Report

Slack (MET) :             3.272ns  (required time - arrival time)
  Source:                 genblk1[0].osc_inst/sample_index_out_reg[5]/C
                            (rising edge-triggered cell FDRE clocked by gclk  {rise@0.000ns fall@4.000ns period=10.000ns})
  Destination:            genblk1[0].osc_inst/sample_index_out_reg[4]/R
                            (rising edge-triggered cell FDRE clocked by gclk  {rise@0.000ns fall@4.000ns period=10.000ns})
  Path Group:             gclk
  Path Type:              Setup (Max at Slow Process Corner)
  Requirement:            10.000ns  (gclk rise@10.000ns - gclk rise@0.000ns)
  Data Path Delay:        6.056ns  (logic 2.754ns (45.477%)  route 3.302ns (54.523%))
  Logic Levels:           7  (CARRY4=5 LUT3=1 LUT4=1)
  Clock Path Skew:        0.000ns (DCD - SCD + CPR)
    Destination Clock Delay (DCD):    4.837ns = ( 14.837 - 10.000 ) 
    Source Clock Delay      (SCD):    5.133ns
    Clock Pessimism Removal (CPR):    0.296ns
  Clock Uncertainty:      0.035ns  ((TSJ^2 + TIJ^2)^1/2 + DJ) / 2 + PE
    Total System Jitter     (TSJ):    0.071ns
    Total Input Jitter      (TIJ):    0.000ns
    Discrete Jitter          (DJ):    0.000ns
    Phase Error              (PE):    0.000ns

    Location             Delay type                Incr(ns)  Path(ns)    Netlist Resource(s)
  -------------------------------------------------------------------    -------------------
                         (clock gclk rise edge)       0.000     0.000 r  
    N15                                               0.000     0.000 r  clk_100mhz (IN)
                         net (fo=0)                   0.000     0.000    clk_100mhz
    N15                  IBUF (Prop_ibuf_I_O)         1.440     1.440 r  clk_100mhz_IBUF_inst/O
                         net (fo=1, routed)           1.972     3.412    clk_100mhz_IBUF
    BUFGCTRL_X0Y0        BUFG (Prop_bufg_I_O)         0.096     3.508 r  clk_100mhz_IBUF_BUFG_inst/O
                         net (fo=123, routed)         1.625     5.133    genblk1[0].osc_inst/clk_100mhz_IBUF_BUFG
    SLICE_X3Y58          FDRE                                         r  genblk1[0].osc_inst/sample_index_out_reg[5]/C
  -------------------------------------------------------------------    -------------------
    SLICE_X3Y58          FDRE (Prop_fdre_C_Q)         0.456     5.589 r  genblk1[0].osc_inst/sample_index_out_reg[5]/Q
                         net (fo=2, routed)           0.814     6.403    genblk1[0].osc_inst/osc_indices[0][5]
    SLICE_X2Y57          CARRY4 (Prop_carry4_S[0]_CO[3])
                                                      0.637     7.040 r  genblk1[0].osc_inst/sample_index_out0_carry__0/CO[3]
                         net (fo=1, routed)           0.000     7.040    genblk1[0].osc_inst/sample_index_out0_carry__0_n_0
    SLICE_X2Y58          CARRY4 (Prop_carry4_CI_CO[3])
                                                      0.117     7.157 r  genblk1[0].osc_inst/sample_index_out0_carry__1/CO[3]
                         net (fo=1, routed)           0.000     7.157    genblk1[0].osc_inst/sample_index_out0_carry__1_n_0
    SLICE_X2Y59          CARRY4 (Prop_carry4_CI_O[1])
                                                      0.323     7.480 r  genblk1[0].osc_inst/sample_index_out0_carry__2/O[1]
                         net (fo=2, routed)           0.807     8.287    genblk1[0].osc_inst/sample_index_out0_carry__2_n_6
    SLICE_X5Y59          LUT4 (Prop_lut4_I0_O)        0.306     8.593 r  genblk1[0].osc_inst/sample_index_out0__33_carry__0_i_5/O
                         net (fo=1, routed)           0.000     8.593    genblk1[0].osc_inst/sample_index_out0__33_carry__0_i_5_n_0
    SLICE_X5Y59          CARRY4 (Prop_carry4_S[3]_CO[3])
                                                      0.401     8.994 r  genblk1[0].osc_inst/sample_index_out0__33_carry__0/CO[3]
                         net (fo=1, routed)           0.000     8.994    genblk1[0].osc_inst/sample_index_out0__33_carry__0_n_0
    SLICE_X5Y60          CARRY4 (Prop_carry4_CI_CO[1])
                                                      0.157     9.151 r  genblk1[0].osc_inst/sample_index_out0__33_carry__1/CO[1]
                         net (fo=1, routed)           0.800     9.951    genblk1[0].osc_inst/sample_index_out0__33_carry__1_n_2
    SLICE_X5Y61          LUT3 (Prop_lut3_I1_O)        0.357    10.308 r  genblk1[0].osc_inst/sample_index_out[0]_i_1/O
                         net (fo=18, routed)          0.880    11.189    genblk1[0].osc_inst/sample_index_out[0]_i_1_n_0
    SLICE_X3Y58          FDRE                                         r  genblk1[0].osc_inst/sample_index_out_reg[4]/R
  -------------------------------------------------------------------    -------------------

                         (clock gclk rise edge)      10.000    10.000 r  
    N15                                               0.000    10.000 r  clk_100mhz (IN)
                         net (fo=0)                   0.000    10.000    clk_100mhz
    N15                  IBUF (Prop_ibuf_I_O)         1.370    11.370 r  clk_100mhz_IBUF_inst/O
                         net (fo=1, routed)           1.868    13.238    clk_100mhz_IBUF
    BUFGCTRL_X0Y0        BUFG (Prop_bufg_I_O)         0.091    13.329 r  clk_100mhz_IBUF_BUFG_inst/O
                         net (fo=123, routed)         1.508    14.837    genblk1[0].osc_inst/clk_100mhz_IBUF_BUFG
    SLICE_X3Y58          FDRE                                         r  genblk1[0].osc_inst/sample_index_out_reg[4]/C
                         clock pessimism              0.296    15.133    
                         clock uncertainty           -0.035    15.097    
    SLICE_X3Y58          FDRE (Setup_fdre_C_R)       -0.637    14.460    genblk1[0].osc_inst/sample_index_out_reg[4]
  -------------------------------------------------------------------
                         required time                         14.460    
                         arrival time                         -11.189    
  -------------------------------------------------------------------
                         slack                                  3.272    




