Copyright 1986-2022 Xilinx, Inc. All Rights Reserved. Copyright 2022-2024 Advanced Micro Devices, Inc. All Rights Reserved.
---------------------------------------------------------------------------------------------------------------------------------------------
| Tool Version : Vivado v.2024.1 (lin64) Build 5076996 Wed May 22 18:36:09 MDT 2024
| Date         : Sat Dec  7 22:26:13 2024
| Host         : eecs-digital-15 running 64-bit Ubuntu 24.04.1 LTS
| Command      : report_timing -file obj/post_synth_timing.rpt
| Design       : top_level
| Device       : 7s50-csga324
| Speed File   : -1  PRODUCTION 1.23 2018-06-13
| Design State : Synthesized
---------------------------------------------------------------------------------------------------------------------------------------------

Timing Report

Slack (MET) :             2.937ns  (required time - arrival time)
  Source:                 processor_main/cycles_between_samples_reg/CLKARDCLK
                            (rising edge-triggered cell RAMB18E1 clocked by gclk  {rise@0.000ns fall@4.000ns period=10.000ns})
  Destination:            coordinator_main/playback_rate_reg[0][0]/CE
                            (rising edge-triggered cell FDRE clocked by gclk  {rise@0.000ns fall@4.000ns period=10.000ns})
  Path Group:             gclk
  Path Type:              Setup (Max at Slow Process Corner)
  Requirement:            10.000ns  (gclk rise@10.000ns - gclk rise@0.000ns)
  Data Path Delay:        6.681ns  (logic 3.490ns (52.240%)  route 3.191ns (47.760%))
  Logic Levels:           5  (CARRY4=2 LUT2=1 LUT6=2)
  Clock Path Skew:        -0.145ns (DCD - SCD + CPR)
    Destination Clock Delay (DCD):    2.660ns = ( 12.660 - 10.000 ) 
    Source Clock Delay      (SCD):    2.920ns
    Clock Pessimism Removal (CPR):    0.115ns
  Clock Uncertainty:      0.035ns  ((TSJ^2 + TIJ^2)^1/2 + DJ) / 2 + PE
    Total System Jitter     (TSJ):    0.071ns
    Total Input Jitter      (TIJ):    0.000ns
    Discrete Jitter          (DJ):    0.000ns
    Phase Error              (PE):    0.000ns

    Location             Delay type                Incr(ns)  Path(ns)    Netlist Resource(s)
  -------------------------------------------------------------------    -------------------
                         (clock gclk rise edge)       0.000     0.000 r  
    N15                                               0.000     0.000 r  clk_100mhz (IN)
                         net (fo=0)                   0.000     0.000    clk_100mhz
    N15                  IBUF (Prop_ibuf_I_O)         1.440     1.440 r  clk_100mhz_IBUF_inst/O
                         net (fo=1, unplaced)         0.800     2.240    clk_100mhz_IBUF
                         BUFG (Prop_bufg_I_O)         0.096     2.336 r  clk_100mhz_IBUF_BUFG_inst/O
                         net (fo=949, unplaced)       0.584     2.920    processor_main/clk_100mhz_IBUF_BUFG
                         RAMB18E1                                     r  processor_main/cycles_between_samples_reg/CLKARDCLK
  -------------------------------------------------------------------    -------------------
                         RAMB18E1 (Prop_ramb18e1_CLKARDCLK_DOADO[4])
                                                      2.454     5.374 r  processor_main/cycles_between_samples_reg/DOADO[4]
                         net (fo=2, unplaced)         0.800     6.174    processor_main/cycles_between_samples_reg_n_11
                         LUT2 (Prop_lut2_I0_O)        0.124     6.298 r  processor_main/is_on1_carry_i_11/O
                         net (fo=4, unplaced)         0.926     7.224    coordinator_main/playback_rate[1]
                         LUT6 (Prop_lut6_I1_O)        0.124     7.348 r  coordinator_main/i__carry_i_3/O
                         net (fo=1, unplaced)         0.000     7.348    coordinator_main/i__carry_i_3_n_0
                         CARRY4 (Prop_carry4_S[1]_CO[3])
                                                      0.550     7.898 r  coordinator_main/is_on1_inferred__0/i__carry/CO[3]
                         net (fo=1, unplaced)         0.009     7.907    coordinator_main/is_on1_inferred__0/i__carry_n_0
                         CARRY4 (Prop_carry4_CI_CO[3])
                                                      0.114     8.021 r  coordinator_main/is_on1_inferred__0/i__carry__0/CO[3]
                         net (fo=1, unplaced)         0.918     8.939    coordinator_main/is_on1
                         LUT6 (Prop_lut6_I1_O)        0.124     9.063 r  coordinator_main/playback_rate[0][23]_i_1/O
                         net (fo=25, unplaced)        0.538     9.601    coordinator_main/playback_rate[0][23]_i_1_n_0
                         FDRE                                         r  coordinator_main/playback_rate_reg[0][0]/CE
  -------------------------------------------------------------------    -------------------

                         (clock gclk rise edge)      10.000    10.000 r  
    N15                                               0.000    10.000 r  clk_100mhz (IN)
                         net (fo=0)                   0.000    10.000    clk_100mhz
    N15                  IBUF (Prop_ibuf_I_O)         1.370    11.370 r  clk_100mhz_IBUF_inst/O
                         net (fo=1, unplaced)         0.760    12.130    clk_100mhz_IBUF
                         BUFG (Prop_bufg_I_O)         0.091    12.221 r  clk_100mhz_IBUF_BUFG_inst/O
                         net (fo=949, unplaced)       0.439    12.660    coordinator_main/clk_100mhz_IBUF_BUFG
                         FDRE                                         r  coordinator_main/playback_rate_reg[0][0]/C
                         clock pessimism              0.115    12.775    
                         clock uncertainty           -0.035    12.740    
                         FDRE (Setup_fdre_C_CE)      -0.202    12.538    coordinator_main/playback_rate_reg[0][0]
  -------------------------------------------------------------------
                         required time                         12.538    
                         arrival time                          -9.601    
  -------------------------------------------------------------------
                         slack                                  2.937    




