Copyright 1986-2022 Xilinx, Inc. All Rights Reserved. Copyright 2022-2024 Advanced Micro Devices, Inc. All Rights Reserved.
---------------------------------------------------------------------------------------------------------------------------------------------
| Tool Version : Vivado v.2024.1 (lin64) Build 5076996 Wed May 22 18:36:09 MDT 2024
| Date         : Sat Dec  7 18:03:41 2024
| Host         : eecs-digital-48 running 64-bit Ubuntu 24.04.1 LTS
| Command      : report_timing_summary -file obj/post_place_timing_summary.rpt
| Design       : top_level
| Device       : 7s50-csga324
| Speed File   : -1  PRODUCTION 1.23 2018-06-13
| Design State : Fully Placed
---------------------------------------------------------------------------------------------------------------------------------------------

Timing Summary Report

------------------------------------------------------------------------------------------------
| Timer Settings
| --------------
------------------------------------------------------------------------------------------------

  Enable Multi Corner Analysis               :  Yes
  Enable Pessimism Removal                   :  Yes
  Pessimism Removal Resolution               :  Nearest Common Node
  Enable Input Delay Default Clock           :  No
  Enable Preset / Clear Arcs                 :  No
  Disable Flight Delays                      :  No
  Ignore I/O Paths                           :  No
  Timing Early Launch at Borrowing Latches   :  No
  Borrow Time for Max Delay Exceptions       :  Yes
  Merge Timing Exceptions                    :  Yes
  Inter-SLR Compensation                     :  Conservative

  Corner  Analyze    Analyze    
  Name    Max Paths  Min Paths  
  ------  ---------  ---------  
  Slow    Yes        Yes        
  Fast    Yes        Yes        


------------------------------------------------------------------------------------------------
| Report Methodology
| ------------------
------------------------------------------------------------------------------------------------

No report available as report_methodology has not been run prior. Run report_methodology on the current design for the summary of methodology violations.



check_timing report

Table of Contents
-----------------
1. checking no_clock (16)
2. checking constant_clock (0)
3. checking pulse_width_clock (0)
4. checking unconstrained_internal_endpoints (32)
5. checking no_input_delay (17)
6. checking no_output_delay (11)
7. checking multiple_clock (0)
8. checking generated_clocks (0)
9. checking loops (0)
10. checking partial_input_delay (0)
11. checking partial_output_delay (0)
12. checking latch_loops (0)

1. checking no_clock (16)
-------------------------
 There are 16 register/latch pins with no clock driven by root clock pin: debug_clk_wiz/clk_25mhz_reg/Q (HIGH)


2. checking constant_clock (0)
------------------------------
 There are 0 register/latch pins with constant_clock.


3. checking pulse_width_clock (0)
---------------------------------
 There are 0 register/latch pins which need pulse_width check


4. checking unconstrained_internal_endpoints (32)
-------------------------------------------------
 There are 32 pins that are not constrained for maximum delay. (HIGH)

 There are 0 pins that are not constrained for maximum delay due to constant clock.


5. checking no_input_delay (17)
-------------------------------
 There are 17 input ports with no input delay specified. (HIGH)

 There are 0 input ports with no input delay but user has a false path constraint.


6. checking no_output_delay (11)
--------------------------------
 There are 11 ports with no output delay specified. (HIGH)

 There are 0 ports with no output delay but user has a false path constraint

 There are 0 ports with no output delay but with a timing clock defined on it or propagating through it


7. checking multiple_clock (0)
------------------------------
 There are 0 register/latch pins with multiple clocks.


8. checking generated_clocks (0)
--------------------------------
 There are 0 generated clocks that are not connected to a clock source.


9. checking loops (0)
---------------------
 There are 0 combinational loops in the design.


10. checking partial_input_delay (0)
------------------------------------
 There are 0 input ports with partial input delay specified.


11. checking partial_output_delay (0)
-------------------------------------
 There are 0 ports with partial output delay specified.


12. checking latch_loops (0)
----------------------------
 There are 0 combinational latch loops in the design through latch input



------------------------------------------------------------------------------------------------
| Design Timing Summary
| ---------------------
------------------------------------------------------------------------------------------------

    WNS(ns)      TNS(ns)  TNS Failing Endpoints  TNS Total Endpoints      WHS(ns)      THS(ns)  THS Failing Endpoints  THS Total Endpoints     WPWS(ns)     TPWS(ns)  TPWS Failing Endpoints  TPWS Total Endpoints  
    -------      -------  ---------------------  -------------------      -------      -------  ---------------------  -------------------     --------     --------  ----------------------  --------------------  
      2.728        0.000                      0                 2117        0.134        0.000                      0                 2117        3.500        0.000                       0                   369  


All user specified timing constraints are met.


------------------------------------------------------------------------------------------------
| Clock Summary
| -------------
------------------------------------------------------------------------------------------------

Clock  Waveform(ns)       Period(ns)      Frequency(MHz)
-----  ------------       ----------      --------------
gclk   {0.000 4.000}      10.000          100.000         


------------------------------------------------------------------------------------------------
| Intra Clock Table
| -----------------
------------------------------------------------------------------------------------------------

Clock             WNS(ns)      TNS(ns)  TNS Failing Endpoints  TNS Total Endpoints      WHS(ns)      THS(ns)  THS Failing Endpoints  THS Total Endpoints     WPWS(ns)     TPWS(ns)  TPWS Failing Endpoints  TPWS Total Endpoints  
-----             -------      -------  ---------------------  -------------------      -------      -------  ---------------------  -------------------     --------     --------  ----------------------  --------------------  
gclk                2.728        0.000                      0                 2117        0.134        0.000                      0                 2117        3.500        0.000                       0                   369  


------------------------------------------------------------------------------------------------
| Inter Clock Table
| -----------------
------------------------------------------------------------------------------------------------

From Clock    To Clock          WNS(ns)      TNS(ns)  TNS Failing Endpoints  TNS Total Endpoints      WHS(ns)      THS(ns)  THS Failing Endpoints  THS Total Endpoints  
----------    --------          -------      -------  ---------------------  -------------------      -------      -------  ---------------------  -------------------  


------------------------------------------------------------------------------------------------
| Other Path Groups Table
| -----------------------
------------------------------------------------------------------------------------------------

Path Group    From Clock    To Clock          WNS(ns)      TNS(ns)  TNS Failing Endpoints  TNS Total Endpoints      WHS(ns)      THS(ns)  THS Failing Endpoints  THS Total Endpoints  
----------    ----------    --------          -------      -------  ---------------------  -------------------      -------      -------  ---------------------  -------------------  


------------------------------------------------------------------------------------------------
| Timing Details
| --------------
------------------------------------------------------------------------------------------------


---------------------------------------------------------------------------------------------------
From Clock:  gclk
  To Clock:  gclk

Setup :            0  Failing Endpoints,  Worst Slack        2.728ns,  Total Violation        0.000ns
Hold  :            0  Failing Endpoints,  Worst Slack        0.134ns,  Total Violation        0.000ns
PW    :            0  Failing Endpoints,  Worst Slack        3.500ns,  Total Violation        0.000ns
---------------------------------------------------------------------------------------------------


Max Delay Paths
--------------------------------------------------------------------------------------
Slack (MET) :             2.728ns  (required time - arrival time)
  Source:                 genblk1[0].osc_inst/sample_index_out_reg[1]/C
                            (rising edge-triggered cell FDRE clocked by gclk  {rise@0.000ns fall@4.000ns period=10.000ns})
  Destination:            genblk1[0].osc_inst/sample_index_out_reg[14]_rep/R
                            (rising edge-triggered cell FDRE clocked by gclk  {rise@0.000ns fall@4.000ns period=10.000ns})
  Path Group:             gclk
  Path Type:              Setup (Max at Slow Process Corner)
  Requirement:            10.000ns  (gclk rise@10.000ns - gclk rise@0.000ns)
  Data Path Delay:        6.483ns  (logic 3.081ns (47.524%)  route 3.402ns (52.476%))
  Logic Levels:           7  (CARRY4=5 LUT3=1 LUT4=1)
  Clock Path Skew:        -0.026ns (DCD - SCD + CPR)
    Destination Clock Delay (DCD):    4.755ns = ( 14.755 - 10.000 ) 
    Source Clock Delay      (SCD):    5.048ns
    Clock Pessimism Removal (CPR):    0.268ns
  Clock Uncertainty:      0.035ns  ((TSJ^2 + TIJ^2)^1/2 + DJ) / 2 + PE
    Total System Jitter     (TSJ):    0.071ns
    Total Input Jitter      (TIJ):    0.000ns
    Discrete Jitter          (DJ):    0.000ns
    Phase Error              (PE):    0.000ns

    Location             Delay type                Incr(ns)  Path(ns)    Netlist Resource(s)
  -------------------------------------------------------------------    -------------------
                         (clock gclk rise edge)       0.000     0.000 r  
    N15                                               0.000     0.000 r  clk_100mhz (IN)
                         net (fo=0)                   0.000     0.000    clk_100mhz
    N15                  IBUF (Prop_ibuf_I_O)         1.440     1.440 r  clk_100mhz_IBUF_inst/O
                         net (fo=1, estimated)        1.972     3.412    clk_100mhz_IBUF
    BUFGCTRL_X0Y0        BUFG (Prop_bufg_I_O)         0.096     3.508 r  clk_100mhz_IBUF_BUFG_inst/O
                         net (fo=368, estimated)      1.540     5.048    genblk1[0].osc_inst/clk_100mhz_IBUF_BUFG
    SLICE_X37Y68         FDRE                                         r  genblk1[0].osc_inst/sample_index_out_reg[1]/C
  -------------------------------------------------------------------    -------------------
    SLICE_X37Y68         FDRE (Prop_fdre_C_Q)         0.456     5.504 r  genblk1[0].osc_inst/sample_index_out_reg[1]/Q
                         net (fo=24, estimated)       0.956     6.460    genblk1[0].osc_inst/out[1]
    SLICE_X45Y61         CARRY4 (Prop_carry4_S[0]_CO[3])
                                                      0.656     7.116 r  genblk1[0].osc_inst/sample_index_out0_carry/CO[3]
                         net (fo=1, estimated)        0.000     7.116    genblk1[0].osc_inst/sample_index_out0_carry_n_0
    SLICE_X45Y62         CARRY4 (Prop_carry4_CI_CO[3])
                                                      0.114     7.230 r  genblk1[0].osc_inst/sample_index_out0_carry__0/CO[3]
                         net (fo=1, estimated)        0.000     7.230    genblk1[0].osc_inst/sample_index_out0_carry__0_n_0
    SLICE_X45Y63         CARRY4 (Prop_carry4_CI_O[1])
                                                      0.334     7.564 r  genblk1[0].osc_inst/sample_index_out0_carry__1/O[1]
                         net (fo=2, estimated)        0.780     8.344    genblk1[0].osc_inst/sample_index_out0_carry__1_n_6
    SLICE_X44Y63         LUT4 (Prop_lut4_I0_O)        0.303     8.647 r  genblk1[0].osc_inst/sample_index_out0__29_carry__0_i_7/O
                         net (fo=1, routed)           0.000     8.647    genblk1[0].osc_inst/sample_index_out0__29_carry__0_i_7_n_0
    SLICE_X44Y63         CARRY4 (Prop_carry4_S[1]_CO[3])
                                                      0.550     9.197 r  genblk1[0].osc_inst/sample_index_out0__29_carry__0/CO[3]
                         net (fo=1, estimated)        0.000     9.197    genblk1[0].osc_inst/sample_index_out0__29_carry__0_n_0
    SLICE_X44Y64         CARRY4 (Prop_carry4_CI_CO[0])
                                                      0.271     9.468 r  genblk1[0].osc_inst/sample_index_out0__29_carry__1/CO[0]
                         net (fo=1, estimated)        0.968    10.436    genblk1[0].osc_inst/sample_index_out0__29_carry__1_n_3
    SLICE_X38Y66         LUT3 (Prop_lut3_I1_O)        0.397    10.833 r  genblk1[0].osc_inst/sample_index_out[0]_i_1/O
                         net (fo=32, estimated)       0.698    11.531    genblk1[0].osc_inst/sample_index_out[0]_i_1_n_0
    SLICE_X38Y70         FDRE                                         r  genblk1[0].osc_inst/sample_index_out_reg[14]_rep/R
  -------------------------------------------------------------------    -------------------

                         (clock gclk rise edge)      10.000    10.000 r  
    N15                                               0.000    10.000 r  clk_100mhz (IN)
                         net (fo=0)                   0.000    10.000    clk_100mhz
    N15                  IBUF (Prop_ibuf_I_O)         1.370    11.370 r  clk_100mhz_IBUF_inst/O
                         net (fo=1, estimated)        1.873    13.244    clk_100mhz_IBUF
    BUFGCTRL_X0Y0        BUFG (Prop_bufg_I_O)         0.091    13.335 r  clk_100mhz_IBUF_BUFG_inst/O
                         net (fo=368, estimated)      1.420    14.755    genblk1[0].osc_inst/clk_100mhz_IBUF_BUFG
    SLICE_X38Y70         FDRE                                         r  genblk1[0].osc_inst/sample_index_out_reg[14]_rep/C
                         clock pessimism              0.268    15.022    
                         clock uncertainty           -0.035    14.987    
    SLICE_X38Y70         FDRE (Setup_fdre_C_R)       -0.728    14.259    genblk1[0].osc_inst/sample_index_out_reg[14]_rep
  -------------------------------------------------------------------
                         required time                         14.259    
                         arrival time                         -11.531    
  -------------------------------------------------------------------
                         slack                                  2.728    





Min Delay Paths
--------------------------------------------------------------------------------------
Slack (MET) :             0.134ns  (arrival time - required time)
  Source:                 memio/writing_reg_rep__0_rep__7/C
                            (rising edge-triggered cell FDRE clocked by gclk  {rise@0.000ns fall@4.000ns period=10.000ns})
  Destination:            memio/main_ram/BRAM_reg_1_7/ENARDEN
                            (rising edge-triggered cell RAMB36E1 clocked by gclk  {rise@0.000ns fall@4.000ns period=10.000ns})
  Path Group:             gclk
  Path Type:              Hold (Min at Fast Process Corner)
  Requirement:            0.000ns  (gclk rise@0.000ns - gclk rise@0.000ns)
  Data Path Delay:        0.288ns  (logic 0.141ns (48.940%)  route 0.147ns (51.060%))
  Logic Levels:           0  
  Clock Path Skew:        0.058ns (DCD - SCD - CPR)
    Destination Clock Delay (DCD):    2.178ns
    Source Clock Delay      (SCD):    1.633ns
    Clock Pessimism Removal (CPR):    0.487ns

    Location             Delay type                Incr(ns)  Path(ns)    Netlist Resource(s)
  -------------------------------------------------------------------    -------------------
                         (clock gclk rise edge)       0.000     0.000 r  
    N15                                               0.000     0.000 r  clk_100mhz (IN)
                         net (fo=0)                   0.000     0.000    clk_100mhz
    N15                  IBUF (Prop_ibuf_I_O)         0.209     0.209 r  clk_100mhz_IBUF_inst/O
                         net (fo=1, estimated)        0.831     1.040    clk_100mhz_IBUF
    BUFGCTRL_X0Y0        BUFG (Prop_bufg_I_O)         0.026     1.066 r  clk_100mhz_IBUF_BUFG_inst/O
                         net (fo=368, estimated)      0.567     1.633    memio/clk_100mhz_IBUF_BUFG
    SLICE_X57Y38         FDRE                                         r  memio/writing_reg_rep__0_rep__7/C
  -------------------------------------------------------------------    -------------------
    SLICE_X57Y38         FDRE (Prop_fdre_C_Q)         0.141     1.774 r  memio/writing_reg_rep__0_rep__7/Q
                         net (fo=1, estimated)        0.147     1.921    memio/main_ram/BRAM_reg_1_7_0
    RAMB36_X2Y7          RAMB36E1                                     r  memio/main_ram/BRAM_reg_1_7/ENARDEN
  -------------------------------------------------------------------    -------------------

                         (clock gclk rise edge)       0.000     0.000 r  
    N15                                               0.000     0.000 r  clk_100mhz (IN)
                         net (fo=0)                   0.000     0.000    clk_100mhz
    N15                  IBUF (Prop_ibuf_I_O)         0.396     0.396 r  clk_100mhz_IBUF_inst/O
                         net (fo=1, estimated)        0.875     1.271    clk_100mhz_IBUF
    BUFGCTRL_X0Y0        BUFG (Prop_bufg_I_O)         0.029     1.300 r  clk_100mhz_IBUF_BUFG_inst/O
                         net (fo=368, estimated)      0.878     2.178    memio/main_ram/clk_100mhz_IBUF_BUFG
    RAMB36_X2Y7          RAMB36E1                                     r  memio/main_ram/BRAM_reg_1_7/CLKARDCLK
                         clock pessimism             -0.487     1.691    
    RAMB36_X2Y7          RAMB36E1 (Hold_ramb36e1_CLKARDCLK_ENARDEN)
                                                      0.096     1.787    memio/main_ram/BRAM_reg_1_7
  -------------------------------------------------------------------
                         required time                         -1.787    
                         arrival time                           1.921    
  -------------------------------------------------------------------
                         slack                                  0.134    





Pulse Width Checks
--------------------------------------------------------------------------------------
Clock Name:         gclk
Waveform(ns):       { 0.000 4.000 }
Period(ns):         10.000
Sources:            { clk_100mhz }

Check Type        Corner  Lib Pin             Reference Pin  Required(ns)  Actual(ns)  Slack(ns)  Location      Pin
Min Period        n/a     RAMB36E1/CLKARDCLK  n/a            3.363         10.000      6.637      RAMB36_X0Y5   memio/osc_gen[0].oscillator_ram/BRAM_reg_0_0/CLKARDCLK
Low Pulse Width   Slow    FDRE/C              n/a            0.500         6.000       5.500      SLICE_X42Y59  debug_clk_wiz/clk_25mhz_reg/C
High Pulse Width  Slow    FDRE/C              n/a            0.500         4.000       3.500      SLICE_X42Y59  debug_clk_wiz/clk_25mhz_reg/C



