#-----------------------------------------------------------
# Vivado v2024.1 (64-bit)
# SW Build 5076996 on Wed May 22 18:36:09 MDT 2024
# IP Build 5075265 on Wed May 22 21:45:21 MDT 2024
# SharedData Build 5076995 on Wed May 22 18:29:18 MDT 2024
# Start of session at: Tue Dec 10 22:04:13 2024
# Process ID: 71281
# Current directory: /home/fpga/worker_place/temp/e25efb5cc8834fddb81fc761ea226ca8
# Command line: vivado -mode batch -source build.tcl
# Log file: /home/fpga/worker_place/temp/e25efb5cc8834fddb81fc761ea226ca8/vivado.log
# Journal file: /home/fpga/worker_place/temp/e25efb5cc8834fddb81fc761ea226ca8/vivado.jou
# Running On        :eecs-digital-35
# Platform          :Ubuntu
# Operating System  :Ubuntu 24.04.1 LTS
# Processor Detail  :13th Gen Intel(R) Core(TM) i7-13700
# CPU Frequency     :2591.127 MHz
# CPU Physical cores:16
# CPU Logical cores :24
# Host memory       :33325 MB
# Swap memory       :8589 MB
# Total Virtual     :41915 MB
# Available Virtual :40560 MB
#-----------------------------------------------------------
source build.tcl
# set_param general.maxThreads 4
# set partNum xc7s50csga324-1
# set outputDir obj
# file mkdir $outputDir
# set files [glob -nocomplain "$outputDir/*"]
# if {[llength $files] != 0} {
#     # clear folder contents
#     puts "deleting contents of $outputDir"
#     file delete -force {*}[glob -directory $outputDir *];
# } else {
#     puts "$outputDir is empty"
# }
obj is empty
# set sources_sv [ glob ./hdl/*.sv ]
# read_verilog -sv $sources_sv
# set sources_v [ glob -nocomplain ./hdl/*.v ]
# if {[llength $sources_v] > 0 } {
#     read_verilog $sources_v
# }
# read_xdc [ glob ./xdc/*.xdc ]
# set sources_mem [ glob -nocomplain ./data/*.mem ]
# if {[llength $sources_mem] > 0} {
#     read_mem $sources_mem
# }
# set_part $partNum
INFO: [Coretcl 2-1500] The part has been set to 'xc7s50csga324-1' for the current project only. Run set_part -help for more details. To evaluate different speed grades in the current design, use the set_speed_grade command, or use the open_checkpoint -part command to change the part used by an existing checkpoint design.
# set sources_ip [ glob -nocomplain -directory ./ip -tails * ]
# puts $sources_ip

# foreach ip_source $sources_ip {
#     if {[file isdirectory ./ip/$ip_source]} {
# 	read_ip ./ip/$ip_source/$ip_source.xci
#     }
# }
WARNING: [Coretcl 2-176] No IPs found
# generate_target all [get_ips]
WARNING: [Coretcl 2-176] No IPs found
# synth_ip [get_ips]
INFO: [Vivado 12-3441] generate_netlist_ip - operation complete
# synth_design -top top_level -part $partNum -verbose
Command: synth_design -top top_level -part xc7s50csga324-1 -verbose
Starting synth_design
Attempting to get a license for feature 'Synthesis' and/or device 'xc7s50'
INFO: [Common 17-349] Got license for feature 'Synthesis' and/or device 'xc7s50'
INFO: [Device 21-403] Loading part xc7s50csga324-1
INFO: [Device 21-9227] Part: xc7s50csga324-1 does not have CEAM library.
INFO: [Synth 8-7079] Multithreading enabled for synth_design using a maximum of 4 processes.
INFO: [Synth 8-7078] Launching helper process for spawning children vivado processes
INFO: [Synth 8-7075] Helper process launched with PID 71304
---------------------------------------------------------------------------------
Starting RTL Elaboration : Time (s): cpu = 00:00:02 ; elapsed = 00:00:02 . Memory (MB): peak = 2150.680 ; gain = 404.742 ; free physical = 26044 ; free virtual = 37271
---------------------------------------------------------------------------------
WARNING: [Synth 8-9661] initial value of parameter 'NUM_OSCILLATORS' is omitted [/home/fpga/worker_place/temp/e25efb5cc8834fddb81fc761ea226ca8/hdl/midi_coordinator.sv:6]
WARNING: [Synth 8-9661] initial value of parameter 'SAMPLE_WIDTH' is omitted [/home/fpga/worker_place/temp/e25efb5cc8834fddb81fc761ea226ca8/hdl/midi_coordinator.sv:7]
WARNING: [Synth 8-9661] initial value of parameter 'PRE_DIVISION_AUDIO_SIZE' is omitted [/home/fpga/worker_place/temp/e25efb5cc8834fddb81fc761ea226ca8/hdl/midi_coordinator.sv:8]
WARNING: [Synth 8-10180] variable 'i_avail' must explicitly be declared as automatic or static [/home/fpga/worker_place/temp/e25efb5cc8834fddb81fc761ea226ca8/hdl/midi_coordinator.sv:26]
WARNING: [Synth 8-10180] variable 'i_oldest' must explicitly be declared as automatic or static [/home/fpga/worker_place/temp/e25efb5cc8834fddb81fc761ea226ca8/hdl/midi_coordinator.sv:27]
WARNING: [Synth 8-10180] variable 'i' must explicitly be declared as automatic or static [/home/fpga/worker_place/temp/e25efb5cc8834fddb81fc761ea226ca8/hdl/midi_coordinator.sv:54]
ERROR: [Synth 8-36] 'clk_100mhz_ibuf' is not declared [/home/fpga/worker_place/temp/e25efb5cc8834fddb81fc761ea226ca8/hdl/top_level.sv:54]
ERROR: [Synth 8-36] 'clk_100mhz_ibuf' is not declared [/home/fpga/worker_place/temp/e25efb5cc8834fddb81fc761ea226ca8/hdl/top_level.sv:59]
INFO: [Synth 8-10285] module 'top_level' is ignored due to previous errors [/home/fpga/worker_place/temp/e25efb5cc8834fddb81fc761ea226ca8/hdl/top_level.sv:438]
INFO: [Synth 8-9084] Verilog file '/home/fpga/worker_place/temp/e25efb5cc8834fddb81fc761ea226ca8/hdl/top_level.sv' ignored due to errors
ERROR: [Synth 8-439] module 'top_level' not found
---------------------------------------------------------------------------------
Finished RTL Elaboration : Time (s): cpu = 00:00:02 ; elapsed = 00:00:02 . Memory (MB): peak = 2230.617 ; gain = 484.680 ; free physical = 25949 ; free virtual = 37176
---------------------------------------------------------------------------------
RTL Elaboration failed
INFO: [Common 17-83] Releasing license: Synthesis
9 Infos, 6 Warnings, 0 Critical Warnings and 4 Errors encountered.
synth_design failed
ERROR: [Common 17-69] Command failed: Synthesis failed - please see the console or run log file for details
INFO: [Common 17-206] Exiting Vivado at Tue Dec 10 22:04:22 2024...
