Copyright 1986-2022 Xilinx, Inc. All Rights Reserved. Copyright 2022-2024 Advanced Micro Devices, Inc. All Rights Reserved.
---------------------------------------------------------------------------------------------------------------------------------------------
| Tool Version : Vivado v.2024.1 (lin64) Build 5076996 Wed May 22 18:36:09 MDT 2024
| Date         : Mon Dec  2 16:27:28 2024
| Host         : eecs-digital-07 running 64-bit Ubuntu 24.04.1 LTS
| Command      : report_timing -file obj/post_synth_timing.rpt
| Design       : top_level
| Device       : 7s50-csga324
| Speed File   : -1  PRODUCTION 1.23 2018-06-13
| Design State : Synthesized
---------------------------------------------------------------------------------------------------------------------------------------------

Timing Report

Slack (MET) :             5.145ns  (required time - arrival time)
  Source:                 processor_main/cycles_between_samples_reg[0]/C
                            (rising edge-triggered cell FDPE clocked by gclk  {rise@0.000ns fall@4.000ns period=10.000ns})
  Destination:            osc_inst/playback_counter_reg[0]/R
                            (rising edge-triggered cell FDRE clocked by gclk  {rise@0.000ns fall@4.000ns period=10.000ns})
  Path Group:             gclk
  Path Type:              Setup (Max at Slow Process Corner)
  Requirement:            10.000ns  (gclk rise@10.000ns - gclk rise@0.000ns)
  Data Path Delay:        4.242ns  (logic 1.682ns (39.651%)  route 2.560ns (60.349%))
  Logic Levels:           5  (CARRY4=3 LUT3=1 LUT4=1)
  Clock Path Skew:        -0.145ns (DCD - SCD + CPR)
    Destination Clock Delay (DCD):    2.660ns = ( 12.660 - 10.000 ) 
    Source Clock Delay      (SCD):    2.920ns
    Clock Pessimism Removal (CPR):    0.115ns
  Clock Uncertainty:      0.035ns  ((TSJ^2 + TIJ^2)^1/2 + DJ) / 2 + PE
    Total System Jitter     (TSJ):    0.071ns
    Total Input Jitter      (TIJ):    0.000ns
    Discrete Jitter          (DJ):    0.000ns
    Phase Error              (PE):    0.000ns

    Location             Delay type                Incr(ns)  Path(ns)    Netlist Resource(s)
  -------------------------------------------------------------------    -------------------
                         (clock gclk rise edge)       0.000     0.000 r  
    N15                                               0.000     0.000 r  clk_100mhz (IN)
                         net (fo=0)                   0.000     0.000    clk_100mhz
    N15                  IBUF (Prop_ibuf_I_O)         1.440     1.440 r  clk_100mhz_IBUF_inst/O
                         net (fo=1, unplaced)         0.800     2.240    clk_100mhz_IBUF
                         BUFG (Prop_bufg_I_O)         0.096     2.336 r  clk_100mhz_IBUF_BUFG_inst/O
                         net (fo=225, unplaced)       0.584     2.920    processor_main/clk_100mhz_IBUF_BUFG
                         FDPE                                         r  processor_main/cycles_between_samples_reg[0]/C
  -------------------------------------------------------------------    -------------------
                         FDPE (Prop_fdpe_C_Q)         0.456     3.376 f  processor_main/cycles_between_samples_reg[0]/Q
                         net (fo=2, unplaced)         0.752     4.128    osc_inst/Q[0]
                         LUT4 (Prop_lut4_I1_O)        0.321     4.449 r  osc_inst/playback_counter0_carry_i_4/O
                         net (fo=1, unplaced)         0.000     4.449    osc_inst/playback_counter0_carry_i_4_n_0
                         CARRY4 (Prop_carry4_DI[0]_CO[3])
                                                      0.553     5.002 r  osc_inst/playback_counter0_carry/CO[3]
                         net (fo=1, unplaced)         0.009     5.011    osc_inst/playback_counter0_carry_n_0
                         CARRY4 (Prop_carry4_CI_CO[3])
                                                      0.114     5.125 r  osc_inst/playback_counter0_carry__0/CO[3]
                         net (fo=1, unplaced)         0.000     5.125    osc_inst/playback_counter0_carry__0_n_0
                         CARRY4 (Prop_carry4_CI_CO[3])
                                                      0.114     5.239 r  osc_inst/playback_counter0_carry__1/CO[3]
                         net (fo=9, unplaced)         0.959     6.198    osc_inst/playback_counter0_carry__1_n_0
                         LUT3 (Prop_lut3_I0_O)        0.124     6.322 r  osc_inst/playback_counter[0]_i_1/O
                         net (fo=24, unplaced)        0.840     7.162    osc_inst/playback_counter[0]_i_1_n_0
                         FDRE                                         r  osc_inst/playback_counter_reg[0]/R
  -------------------------------------------------------------------    -------------------

                         (clock gclk rise edge)      10.000    10.000 r  
    N15                                               0.000    10.000 r  clk_100mhz (IN)
                         net (fo=0)                   0.000    10.000    clk_100mhz
    N15                  IBUF (Prop_ibuf_I_O)         1.370    11.370 r  clk_100mhz_IBUF_inst/O
                         net (fo=1, unplaced)         0.760    12.130    clk_100mhz_IBUF
                         BUFG (Prop_bufg_I_O)         0.091    12.221 r  clk_100mhz_IBUF_BUFG_inst/O
                         net (fo=225, unplaced)       0.439    12.660    osc_inst/clk_100mhz_IBUF_BUFG
                         FDRE                                         r  osc_inst/playback_counter_reg[0]/C
                         clock pessimism              0.115    12.775    
                         clock uncertainty           -0.035    12.740    
                         FDRE (Setup_fdre_C_R)       -0.433    12.307    osc_inst/playback_counter_reg[0]
  -------------------------------------------------------------------
                         required time                         12.307    
                         arrival time                          -7.162    
  -------------------------------------------------------------------
                         slack                                  5.145    




