Copyright 1986-2022 Xilinx, Inc. All Rights Reserved. Copyright 2022-2024 Advanced Micro Devices, Inc. All Rights Reserved.
---------------------------------------------------------------------------------------------------------------------------------------------
| Tool Version : Vivado v.2024.1 (lin64) Build 5076996 Wed May 22 18:36:09 MDT 2024
| Date         : Fri Dec  6 13:25:16 2024
| Host         : eecs-digital-15 running 64-bit Ubuntu 24.04.1 LTS
| Command      : report_timing -file obj/post_place_timing.rpt
| Design       : top_level
| Device       : 7s50-csga324
| Speed File   : -1  PRODUCTION 1.23 2018-06-13
| Design State : Fully Placed
---------------------------------------------------------------------------------------------------------------------------------------------

Timing Report

Slack (MET) :             7.283ns  (required time - arrival time)
  Source:                 i2s_clk_wiz/counter_bit_reg[2]/C
                            (rising edge-triggered cell FDRE clocked by gclk  {rise@0.000ns fall@4.000ns period=10.000ns})
  Destination:            i2s_clk_wiz/counter_bit_reg[2]/R
                            (rising edge-triggered cell FDRE clocked by gclk  {rise@0.000ns fall@4.000ns period=10.000ns})
  Path Group:             gclk
  Path Type:              Setup (Max at Slow Process Corner)
  Requirement:            10.000ns  (gclk rise@10.000ns - gclk rise@0.000ns)
  Data Path Delay:        2.133ns  (logic 0.642ns (30.098%)  route 1.491ns (69.902%))
  Logic Levels:           1  (LUT6=1)
  Clock Path Skew:        -0.025ns (DCD - SCD + CPR)
    Destination Clock Delay (DCD):    4.835ns = ( 14.835 - 10.000 ) 
    Source Clock Delay      (SCD):    5.127ns
    Clock Pessimism Removal (CPR):    0.268ns
  Clock Uncertainty:      0.035ns  ((TSJ^2 + TIJ^2)^1/2 + DJ) / 2 + PE
    Total System Jitter     (TSJ):    0.071ns
    Total Input Jitter      (TIJ):    0.000ns
    Discrete Jitter          (DJ):    0.000ns
    Phase Error              (PE):    0.000ns

    Location             Delay type                Incr(ns)  Path(ns)    Netlist Resource(s)
  -------------------------------------------------------------------    -------------------
                         (clock gclk rise edge)       0.000     0.000 r  
    N15                                               0.000     0.000 r  clk_100mhz (IN)
                         net (fo=0)                   0.000     0.000    clk_100mhz
    N15                  IBUF (Prop_ibuf_I_O)         1.440     1.440 r  clk_100mhz_IBUF_inst/O
                         net (fo=1, estimated)        1.972     3.412    clk_100mhz_IBUF
    BUFGCTRL_X0Y0        BUFG (Prop_bufg_I_O)         0.096     3.508 r  clk_100mhz_IBUF_BUFG_inst/O
                         net (fo=12, estimated)       1.619     5.127    i2s_clk_wiz/CLK
    SLICE_X2Y64          FDRE                                         r  i2s_clk_wiz/counter_bit_reg[2]/C
  -------------------------------------------------------------------    -------------------
    SLICE_X2Y64          FDRE (Prop_fdre_C_Q)         0.518     5.645 r  i2s_clk_wiz/counter_bit_reg[2]/Q
                         net (fo=7, estimated)        0.975     6.620    i2s_clk_wiz/counter_bit_reg[2]
    SLICE_X0Y64          LUT6 (Prop_lut6_I1_O)        0.124     6.744 r  i2s_clk_wiz/counter_bit[4]_i_1/O
                         net (fo=5, estimated)        0.516     7.260    i2s_clk_wiz/counter_bit[4]_i_1_n_0
    SLICE_X2Y64          FDRE                                         r  i2s_clk_wiz/counter_bit_reg[2]/R
  -------------------------------------------------------------------    -------------------

                         (clock gclk rise edge)      10.000    10.000 r  
    N15                                               0.000    10.000 r  clk_100mhz (IN)
                         net (fo=0)                   0.000    10.000    clk_100mhz
    N15                  IBUF (Prop_ibuf_I_O)         1.370    11.370 r  clk_100mhz_IBUF_inst/O
                         net (fo=1, estimated)        1.873    13.244    clk_100mhz_IBUF
    BUFGCTRL_X0Y0        BUFG (Prop_bufg_I_O)         0.091    13.335 r  clk_100mhz_IBUF_BUFG_inst/O
                         net (fo=12, estimated)       1.500    14.835    i2s_clk_wiz/CLK
    SLICE_X2Y64          FDRE                                         r  i2s_clk_wiz/counter_bit_reg[2]/C
                         clock pessimism              0.268    15.102    
                         clock uncertainty           -0.035    15.067    
    SLICE_X2Y64          FDRE (Setup_fdre_C_R)       -0.524    14.543    i2s_clk_wiz/counter_bit_reg[2]
  -------------------------------------------------------------------
                         required time                         14.543    
                         arrival time                          -7.260    
  -------------------------------------------------------------------
                         slack                                  7.283    




